# JRE version: OpenJDK Runtime Environment (8.0_112-b06) (build 1.8.0_112-release-b06)
# Java VM: OpenJDK 64-Bit Server VM (25.112-b06 mixed mode windows-amd64 compressed oops)
Heap:
 PSYoungGen      total 163840K, used 50717K [0x00000000e0000000, 0x00000000ed900000, 0x0000000100000000)
  eden space 147968K, 23% used [0x00000000e0000000,0x00000000e220c7e0,0x00000000e9080000)
  from space 15872K, 99% used [0x00000000ec980000,0x00000000ed8face0,0x00000000ed900000)
  to   space 12800K, 0% used [0x00000000e9080000,0x00000000e9080000,0x00000000e9d00000)
 ParOldGen       total 52736K, used 39508K [0x00000000a0000000, 0x00000000a3380000, 0x00000000e0000000)
  object space 52736K, 74% used [0x00000000a0000000,0x00000000a2695038,0x00000000a3380000)
 Metaspace       used 65105K, capacity 67016K, committed 67328K, reserved 1112064K
  class space    used 8514K, capacity 8903K, committed 8960K, reserved 1048576K
GC Heap History (10 events):
Event: 86.699 GC heap before
{Heap before GC invocations=19 (full 2):
 PSYoungGen      total 122880K, used 121140K [0x00000000e0000000, 0x00000000e8280000, 0x0000000100000000)
  eden space 113152K, 100% used [0x00000000e0000000,0x00000000e6e80000,0x00000000e6e80000)
  from space 9728K, 82% used [0x00000000e7900000,0x00000000e80cd358,0x00000000e8280000)
  to   space 10240K, 0% used [0x00000000e6e80000,0x00000000e6e80000,0x00000000e7880000)
 ParOldGen       total 52736K, used 14351K [0x00000000a0000000, 0x00000000a3380000, 0x00000000e0000000)
  object space 52736K, 27% used [0x00000000a0000000,0x00000000a0e03cb8,0x00000000a3380000)
 Metaspace       used 42595K, capacity 43312K, committed 43520K, reserved 1087488K
  class space    used 5665K, capacity 5863K, committed 5888K, reserved 1048576K
Event: 86.708 GC heap after
Heap after GC invocations=19 (full 2):
 PSYoungGen      total 123392K, used 2225K [0x00000000e0000000, 0x00000000ea780000, 0x0000000100000000)
  eden space 113152K, 0% used [0x00000000e0000000,0x00000000e0000000,0x00000000e6e80000)
  from space 10240K, 21% used [0x00000000e6e80000,0x00000000e70ac598,0x00000000e7880000)
  to   space 10752K, 0% used [0x00000000e9d00000,0x00000000e9d00000,0x00000000ea780000)
 ParOldGen       total 52736K, used 19597K [0x00000000a0000000, 0x00000000a3380000, 0x00000000e0000000)
  object space 52736K, 37% used [0x00000000a0000000,0x00000000a1323780,0x00000000a3380000)
 Metaspace       used 42595K, capacity 43312K, committed 43520K, reserved 1087488K
  class space    used 5665K, capacity 5863K, committed 5888K, reserved 1048576K
}
Event: 94.671 GC heap before
{Heap before GC invocations=20 (full 2):
 PSYoungGen      total 123392K, used 115377K [0x00000000e0000000, 0x00000000ea780000, 0x0000000100000000)
  eden space 113152K, 100% used [0x00000000e0000000,0x00000000e6e80000,0x00000000e6e80000)
  from space 10240K, 21% used [0x00000000e6e80000,0x00000000e70ac598,0x00000000e7880000)
  to   space 10752K, 0% used [0x00000000e9d00000,0x00000000e9d00000,0x00000000ea780000)
 ParOldGen       total 52736K, used 19597K [0x00000000a0000000, 0x00000000a3380000, 0x00000000e0000000)
  object space 52736K, 37% used [0x00000000a0000000,0x00000000a1323780,0x00000000a3380000)
 Metaspace       used 50249K, capacity 51698K, committed 51968K, reserved 1093632K
  class space    used 6780K, capacity 7116K, committed 7168K, reserved 1048576K
Event: 94.687 GC heap after
Heap after GC invocations=20 (full 2):
 PSYoungGen      total 158720K, used 10733K [0x00000000e0000000, 0x00000000ea980000, 0x0000000100000000)
  eden space 147968K, 0% used [0x00000000e0000000,0x00000000e0000000,0x00000000e9080000)
  from space 10752K, 99% used [0x00000000e9d00000,0x00000000ea77b6f8,0x00000000ea780000)
  to   space 12800K, 0% used [0x00000000e9080000,0x00000000e9080000,0x00000000e9d00000)
 ParOldGen       total 52736K, used 22424K [0x00000000a0000000, 0x00000000a3380000, 0x00000000e0000000)
  object space 52736K, 42% used [0x00000000a0000000,0x00000000a15e60e0,0x00000000a3380000)
 Metaspace       used 50249K, capacity 51698K, committed 51968K, reserved 1093632K
  class space    used 6780K, capacity 7116K, committed 7168K, reserved 1048576K
}
Event: 112.276 GC heap before
{Heap before GC invocations=21 (full 2):
 PSYoungGen      total 158720K, used 128356K [0x00000000e0000000, 0x00000000ea980000, 0x0000000100000000)
  eden space 147968K, 79% used [0x00000000e0000000,0x00000000e72dd9b8,0x00000000e9080000)
  from space 10752K, 99% used [0x00000000e9d00000,0x00000000ea77b6f8,0x00000000ea780000)
  to   space 12800K, 0% used [0x00000000e9080000,0x00000000e9080000,0x00000000e9d00000)
 ParOldGen       total 52736K, used 22424K [0x00000000a0000000, 0x00000000a3380000, 0x00000000e0000000)
  object space 52736K, 42% used [0x00000000a0000000,0x00000000a15e60e0,0x00000000a3380000)
 Metaspace       used 57398K, capacity 59044K, committed 59136K, reserved 1099776K
  class space    used 7743K, capacity 8103K, committed 8192K, reserved 1048576K
Event: 112.298 GC heap after
Heap after GC invocations=21 (full 2):
 PSYoungGen      total 160768K, used 12780K [0x00000000e0000000, 0x00000000ed900000, 0x0000000100000000)
  eden space 147968K, 0% used [0x00000000e0000000,0x00000000e0000000,0x00000000e9080000)
  from space 12800K, 99% used [0x00000000e9080000,0x00000000e9cfb078,0x00000000e9d00000)
  to   space 15872K, 0% used [0x00000000ec980000,0x00000000ec980000,0x00000000ed900000)
 ParOldGen       total 52736K, used 25613K [0x00000000a0000000, 0x00000000a3380000, 0x00000000e0000000)
  object space 52736K, 48% used [0x00000000a0000000,0x00000000a19037d0,0x00000000a3380000)
 Metaspace       used 57398K, capacity 59044K, committed 59136K, reserved 1099776K
  class space    used 7743K, capacity 8103K, committed 8192K, reserved 1048576K
}
Event: 112.298 GC heap before
{Heap before GC invocations=22 (full 3):
 PSYoungGen      total 160768K, used 12780K [0x00000000e0000000, 0x00000000ed900000, 0x0000000100000000)
  eden space 147968K, 0% used [0x00000000e0000000,0x00000000e0000000,0x00000000e9080000)
  from space 12800K, 99% used [0x00000000e9080000,0x00000000e9cfb078,0x00000000e9d00000)
  to   space 15872K, 0% used [0x00000000ec980000,0x00000000ec980000,0x00000000ed900000)
 ParOldGen       total 52736K, used 25613K [0x00000000a0000000, 0x00000000a3380000, 0x00000000e0000000)
  object space 52736K, 48% used [0x00000000a0000000,0x00000000a19037d0,0x00000000a3380000)
 Metaspace       used 57398K, capacity 59044K, committed 59136K, reserved 1099776K
  class space    used 7743K, capacity 8103K, committed 8192K, reserved 1048576K
Event: 112.596 GC heap after
Heap after GC invocations=22 (full 3):
 PSYoungGen      total 160768K, used 0K [0x00000000e0000000, 0x00000000ed900000, 0x0000000100000000)
  eden space 147968K, 0% used [0x00000000e0000000,0x00000000e0000000,0x00000000e9080000)
  from space 12800K, 0% used [0x00000000e9080000,0x00000000e9080000,0x00000000e9d00000)
  to   space 15872K, 0% used [0x00000000ec980000,0x00000000ec980000,0x00000000ed900000)
 ParOldGen       total 52736K, used 35000K [0x00000000a0000000, 0x00000000a3380000, 0x00000000e0000000)
  object space 52736K, 66% used [0x00000000a0000000,0x00000000a222e140,0x00000000a3380000)
 Metaspace       used 57396K, capacity 59038K, committed 59136K, reserved 1099776K
  class space    used 7743K, capacity 8102K, committed 8192K, reserved 1048576K
}
Event: 121.604 GC heap before
{Heap before GC invocations=23 (full 3):
 PSYoungGen      total 160768K, used 147968K [0x00000000e0000000, 0x00000000ed900000, 0x0000000100000000)
  eden space 147968K, 100% used [0x00000000e0000000,0x00000000e9080000,0x00000000e9080000)
  from space 12800K, 0% used [0x00000000e9080000,0x00000000e9080000,0x00000000e9d00000)
  to   space 15872K, 0% used [0x00000000ec980000,0x00000000ec980000,0x00000000ed900000)
 ParOldGen       total 52736K, used 35000K [0x00000000a0000000, 0x00000000a3380000, 0x00000000e0000000)
  object space 52736K, 66% used [0x00000000a0000000,0x00000000a222e140,0x00000000a3380000)
 Metaspace       used 64944K, capacity 66888K, committed 67072K, reserved 1112064K
  class space    used 8508K, capacity 8903K, committed 8960K, reserved 1048576K
Event: 121.629 GC heap after
Heap after GC invocations=23 (full 3):
 PSYoungGen      total 163840K, used 15851K [0x00000000e0000000, 0x00000000ed900000, 0x0000000100000000)
  eden space 147968K, 0% used [0x00000000e0000000,0x00000000e0000000,0x00000000e9080000)
  from space 15872K, 99% used [0x00000000ec980000,0x00000000ed8face0,0x00000000ed900000)
  to   space 12800K, 0% used [0x00000000e9080000,0x00000000e9080000,0x00000000e9d00000)
 ParOldGen       total 52736K, used 39508K [0x00000000a0000000, 0x00000000a3380000, 0x00000000e0000000)
  object space 52736K, 74% used [0x00000000a0000000,0x00000000a2695038,0x00000000a3380000)
 Metaspace       used 64944K, capacity 66888K, committed 67072K, reserved 1112064K
  class space    used 8508K, capacity 8903K, committed 8960K, reserved 1048576K
}

