# JRE version: OpenJDK Runtime Environment (8.0_112-b06) (build 1.8.0_112-release-b06)
# Java VM: OpenJDK 64-Bit Server VM (25.112-b06 mixed mode windows-amd64 compressed oops)
Heap:
 PSYoungGen      total 150016K, used 128352K [0x00000000e0000000, 0x00000000ea480000, 0x0000000100000000)
  eden space 135680K, 84% used [0x00000000e0000000,0x00000000e6f5f350,0x00000000e8480000)
  from space 14336K, 99% used [0x00000000e8480000,0x00000000e9278cc8,0x00000000e9280000)
  to   space 10752K, 0% used [0x00000000e9280000,0x00000000e9280000,0x00000000e9d00000)
 ParOldGen       total 92160K, used 33466K [0x00000000a0000000, 0x00000000a5a00000, 0x00000000e0000000)
  object space 92160K, 36% used [0x00000000a0000000,0x00000000a20ae9e0,0x00000000a5a00000)
 Metaspace       used 54003K, capacity 55684K, committed 55936K, reserved 1097728K
  class space    used 7144K, capacity 7487K, committed 7552K, reserved 1048576K
GC Heap History (10 events):
Event: 28.953 GC heap before
{Heap before GC invocations=13 (full 2):
 PSYoungGen      total 103424K, used 101167K [0x00000000e0000000, 0x00000000e7180000, 0x0000000100000000)
  eden space 93696K, 100% used [0x00000000e0000000,0x00000000e5b80000,0x00000000e5b80000)
  from space 9728K, 76% used [0x00000000e6800000,0x00000000e6f4bd28,0x00000000e7180000)
  to   space 11264K, 0% used [0x00000000e5b80000,0x00000000e5b80000,0x00000000e6680000)
 ParOldGen       total 92160K, used 14521K [0x00000000a0000000, 0x00000000a5a00000, 0x00000000e0000000)
  object space 92160K, 15% used [0x00000000a0000000,0x00000000a0e2e6e8,0x00000000a5a00000)
 Metaspace       used 38359K, capacity 39016K, committed 39168K, reserved 1083392K
  class space    used 5127K, capacity 5337K, committed 5376K, reserved 1048576K
Event: 28.960 GC heap after
Heap after GC invocations=13 (full 2):
 PSYoungGen      total 104960K, used 5282K [0x00000000e0000000, 0x00000000e8780000, 0x0000000100000000)
  eden space 93696K, 0% used [0x00000000e0000000,0x00000000e0000000,0x00000000e5b80000)
  from space 11264K, 46% used [0x00000000e5b80000,0x00000000e60a8a88,0x00000000e6680000)
  to   space 10752K, 0% used [0x00000000e7d00000,0x00000000e7d00000,0x00000000e8780000)
 ParOldGen       total 92160K, used 14529K [0x00000000a0000000, 0x00000000a5a00000, 0x00000000e0000000)
  object space 92160K, 15% used [0x00000000a0000000,0x00000000a0e306e8,0x00000000a5a00000)
 Metaspace       used 38359K, capacity 39016K, committed 39168K, reserved 1083392K
  class space    used 5127K, capacity 5337K, committed 5376K, reserved 1048576K
}
Event: 31.470 GC heap before
{Heap before GC invocations=14 (full 2):
 PSYoungGen      total 104960K, used 98978K [0x00000000e0000000, 0x00000000e8780000, 0x0000000100000000)
  eden space 93696K, 100% used [0x00000000e0000000,0x00000000e5b80000,0x00000000e5b80000)
  from space 11264K, 46% used [0x00000000e5b80000,0x00000000e60a8a88,0x00000000e6680000)
  to   space 10752K, 0% used [0x00000000e7d00000,0x00000000e7d00000,0x00000000e8780000)
 ParOldGen       total 92160K, used 14529K [0x00000000a0000000, 0x00000000a5a00000, 0x00000000e0000000)
  object space 92160K, 15% used [0x00000000a0000000,0x00000000a0e306e8,0x00000000a5a00000)
 Metaspace       used 42437K, capacity 43174K, committed 43264K, reserved 1087488K
  class space    used 5665K, capacity 5862K, committed 5888K, reserved 1048576K
Event: 31.479 GC heap after
Heap after GC invocations=14 (full 2):
 PSYoungGen      total 124928K, used 8052K [0x00000000e0000000, 0x00000000e8680000, 0x0000000100000000)
  eden space 115200K, 0% used [0x00000000e0000000,0x00000000e0000000,0x00000000e7080000)
  from space 9728K, 82% used [0x00000000e7d00000,0x00000000e84dd358,0x00000000e8680000)
  to   space 11264K, 0% used [0x00000000e7080000,0x00000000e7080000,0x00000000e7b80000)
 ParOldGen       total 92160K, used 14537K [0x00000000a0000000, 0x00000000a5a00000, 0x00000000e0000000)
  object space 92160K, 15% used [0x00000000a0000000,0x00000000a0e326e8,0x00000000a5a00000)
 Metaspace       used 42437K, capacity 43174K, committed 43264K, reserved 1087488K
  class space    used 5665K, capacity 5862K, committed 5888K, reserved 1048576K
}
Event: 34.034 GC heap before
{Heap before GC invocations=15 (full 2):
 PSYoungGen      total 124928K, used 123252K [0x00000000e0000000, 0x00000000e8680000, 0x0000000100000000)
  eden space 115200K, 100% used [0x00000000e0000000,0x00000000e7080000,0x00000000e7080000)
  from space 9728K, 82% used [0x00000000e7d00000,0x00000000e84dd358,0x00000000e8680000)
  to   space 11264K, 0% used [0x00000000e7080000,0x00000000e7080000,0x00000000e7b80000)
 ParOldGen       total 92160K, used 14537K [0x00000000a0000000, 0x00000000a5a00000, 0x00000000e0000000)
  object space 92160K, 15% used [0x00000000a0000000,0x00000000a0e326e8,0x00000000a5a00000)
 Metaspace       used 42461K, capacity 43238K, committed 43520K, reserved 1087488K
  class space    used 5665K, capacity 5862K, committed 5888K, reserved 1048576K
Event: 34.042 GC heap after
Heap after GC invocations=15 (full 2):
 PSYoungGen      total 126464K, used 6678K [0x00000000e0000000, 0x00000000e9d00000, 0x0000000100000000)
  eden space 115200K, 0% used [0x00000000e0000000,0x00000000e0000000,0x00000000e7080000)
  from space 11264K, 59% used [0x00000000e7080000,0x00000000e7705888,0x00000000e7b80000)
  to   space 10752K, 0% used [0x00000000e9280000,0x00000000e9280000,0x00000000e9d00000)
 ParOldGen       total 92160K, used 14545K [0x00000000a0000000, 0x00000000a5a00000, 0x00000000e0000000)
  object space 92160K, 15% used [0x00000000a0000000,0x00000000a0e346e8,0x00000000a5a00000)
 Metaspace       used 42461K, capacity 43238K, committed 43520K, reserved 1087488K
  class space    used 5665K, capacity 5862K, committed 5888K, reserved 1048576K
}
Event: 37.094 GC heap before
{Heap before GC invocations=16 (full 2):
 PSYoungGen      total 126464K, used 121878K [0x00000000e0000000, 0x00000000e9d00000, 0x0000000100000000)
  eden space 115200K, 100% used [0x00000000e0000000,0x00000000e7080000,0x00000000e7080000)
  from space 11264K, 59% used [0x00000000e7080000,0x00000000e7705888,0x00000000e7b80000)
  to   space 10752K, 0% used [0x00000000e9280000,0x00000000e9280000,0x00000000e9d00000)
 ParOldGen       total 92160K, used 14545K [0x00000000a0000000, 0x00000000a5a00000, 0x00000000e0000000)
  object space 92160K, 15% used [0x00000000a0000000,0x00000000a0e346e8,0x00000000a5a00000)
 Metaspace       used 47830K, capacity 49280K, committed 49536K, reserved 1091584K
  class space    used 6468K, capacity 6771K, committed 6784K, reserved 1048576K
Event: 37.116 GC heap after
Heap after GC invocations=16 (full 2):
 PSYoungGen      total 146432K, used 10737K [0x00000000e0000000, 0x00000000ea480000, 0x0000000100000000)
  eden space 135680K, 0% used [0x00000000e0000000,0x00000000e0000000,0x00000000e8480000)
  from space 10752K, 99% used [0x00000000e9280000,0x00000000e9cfc6c8,0x00000000e9d00000)
  to   space 14336K, 0% used [0x00000000e8480000,0x00000000e8480000,0x00000000e9280000)
 ParOldGen       total 92160K, used 21077K [0x00000000a0000000, 0x00000000a5a00000, 0x00000000e0000000)
  object space 92160K, 22% used [0x00000000a0000000,0x00000000a1495568,0x00000000a5a00000)
 Metaspace       used 47830K, capacity 49280K, committed 49536K, reserved 1091584K
  class space    used 6468K, capacity 6771K, committed 6784K, reserved 1048576K
}
Event: 50.206 GC heap before
{Heap before GC invocations=17 (full 2):
 PSYoungGen      total 146432K, used 146417K [0x00000000e0000000, 0x00000000ea480000, 0x0000000100000000)
  eden space 135680K, 100% used [0x00000000e0000000,0x00000000e8480000,0x00000000e8480000)
  from space 10752K, 99% used [0x00000000e9280000,0x00000000e9cfc6c8,0x00000000e9d00000)
  to   space 14336K, 0% used [0x00000000e8480000,0x00000000e8480000,0x00000000e9280000)
 ParOldGen       total 92160K, used 21077K [0x00000000a0000000, 0x00000000a5a00000, 0x00000000e0000000)
  object space 92160K, 22% used [0x00000000a0000000,0x00000000a1495568,0x00000000a5a00000)
 Metaspace       used 53578K, capacity 55236K, committed 55424K, reserved 1097728K
  class space    used 7137K, capacity 7487K, committed 7552K, reserved 1048576K
Event: 51.671 GC heap after
Heap after GC invocations=17 (full 2):
 PSYoungGen      total 150016K, used 14307K [0x00000000e0000000, 0x00000000ea480000, 0x0000000100000000)
  eden space 135680K, 0% used [0x00000000e0000000,0x00000000e0000000,0x00000000e8480000)
  from space 14336K, 99% used [0x00000000e8480000,0x00000000e9278cc8,0x00000000e9280000)
  to   space 10752K, 0% used [0x00000000e9280000,0x00000000e9280000,0x00000000e9d00000)
 ParOldGen       total 92160K, used 33466K [0x00000000a0000000, 0x00000000a5a00000, 0x00000000e0000000)
  object space 92160K, 36% used [0x00000000a0000000,0x00000000a20ae9e0,0x00000000a5a00000)
 Metaspace       used 53578K, capacity 55236K, committed 55424K, reserved 1097728K
  class space    used 7137K, capacity 7487K, committed 7552K, reserved 1048576K
}

