# JRE version: OpenJDK Runtime Environment (8.0_112-b06) (build 1.8.0_112-release-b06)
# Java VM: OpenJDK 64-Bit Server VM (25.112-b06 mixed mode windows-amd64 compressed oops)
Heap:
 PSYoungGen      total 57856K, used 10314K [0x00000000e0000000, 0x00000000e5580000, 0x0000000100000000)
  eden space 47616K, 7% used [0x00000000e0000000,0x00000000e03719d8,0x00000000e2e80000)
  from space 10240K, 66% used [0x00000000e2e80000,0x00000000e3520ff8,0x00000000e3880000)
  to   space 10240K, 0% used [0x00000000e4b80000,0x00000000e4b80000,0x00000000e5580000)
 ParOldGen       total 66560K, used 9194K [0x00000000a0000000, 0x00000000a4100000, 0x00000000e0000000)
  object space 66560K, 13% used [0x00000000a0000000,0x00000000a08fabe0,0x00000000a4100000)
 Metaspace       used 29696K, capacity 30300K, committed 30464K, reserved 1075200K
  class space    used 4061K, capacity 4246K, committed 4352K, reserved 1048576K
GC Heap History (10 events):
Event: 4.880 GC heap before
{Heap before GC invocations=4 (full 0):
 PSYoungGen      total 38400K, used 26765K [0x00000000e0000000, 0x00000000e2a80000, 0x0000000100000000)
  eden space 33280K, 65% used [0x00000000e0000000,0x00000000e1529968,0x00000000e2080000)
  from space 5120K, 99% used [0x00000000e2080000,0x00000000e2579e78,0x00000000e2580000)
  to   space 5120K, 0% used [0x00000000e2580000,0x00000000e2580000,0x00000000e2a80000)
 ParOldGen       total 87552K, used 3772K [0x00000000a0000000, 0x00000000a5580000, 0x00000000e0000000)
  object space 87552K, 4% used [0x00000000a0000000,0x00000000a03af150,0x00000000a5580000)
 Metaspace       used 20695K, capacity 21114K, committed 21248K, reserved 1067008K
  class space    used 2789K, capacity 2948K, committed 3072K, reserved 1048576K
Event: 4.902 GC heap after
Heap after GC invocations=4 (full 0):
 PSYoungGen      total 38400K, used 5088K [0x00000000e0000000, 0x00000000e2a80000, 0x0000000100000000)
  eden space 33280K, 0% used [0x00000000e0000000,0x00000000e0000000,0x00000000e2080000)
  from space 5120K, 99% used [0x00000000e2580000,0x00000000e2a78020,0x00000000e2a80000)
  to   space 5120K, 0% used [0x00000000e2080000,0x00000000e2080000,0x00000000e2580000)
 ParOldGen       total 87552K, used 7981K [0x00000000a0000000, 0x00000000a5580000, 0x00000000e0000000)
  object space 87552K, 9% used [0x00000000a0000000,0x00000000a07cb500,0x00000000a5580000)
 Metaspace       used 20695K, capacity 21114K, committed 21248K, reserved 1067008K
  class space    used 2789K, capacity 2948K, committed 3072K, reserved 1048576K
}
Event: 4.902 GC heap before
{Heap before GC invocations=5 (full 1):
 PSYoungGen      total 38400K, used 5088K [0x00000000e0000000, 0x00000000e2a80000, 0x0000000100000000)
  eden space 33280K, 0% used [0x00000000e0000000,0x00000000e0000000,0x00000000e2080000)
  from space 5120K, 99% used [0x00000000e2580000,0x00000000e2a78020,0x00000000e2a80000)
  to   space 5120K, 0% used [0x00000000e2080000,0x00000000e2080000,0x00000000e2580000)
 ParOldGen       total 87552K, used 7981K [0x00000000a0000000, 0x00000000a5580000, 0x00000000e0000000)
  object space 87552K, 9% used [0x00000000a0000000,0x00000000a07cb500,0x00000000a5580000)
 Metaspace       used 20695K, capacity 21114K, committed 21248K, reserved 1067008K
  class space    used 2789K, capacity 2948K, committed 3072K, reserved 1048576K
Event: 4.965 GC heap after
Heap after GC invocations=5 (full 1):
 PSYoungGen      total 38400K, used 0K [0x00000000e0000000, 0x00000000e2a80000, 0x0000000100000000)
  eden space 33280K, 0% used [0x00000000e0000000,0x00000000e0000000,0x00000000e2080000)
  from space 5120K, 0% used [0x00000000e2580000,0x00000000e2580000,0x00000000e2a80000)
  to   space 5120K, 0% used [0x00000000e2080000,0x00000000e2080000,0x00000000e2580000)
 ParOldGen       total 66560K, used 9170K [0x00000000a0000000, 0x00000000a4100000, 0x00000000e0000000)
  object space 66560K, 13% used [0x00000000a0000000,0x00000000a08f4be0,0x00000000a4100000)
 Metaspace       used 20695K, capacity 21114K, committed 21248K, reserved 1067008K
  class space    used 2789K, capacity 2948K, committed 3072K, reserved 1048576K
}
Event: 6.060 GC heap before
{Heap before GC invocations=6 (full 1):
 PSYoungGen      total 38400K, used 33280K [0x00000000e0000000, 0x00000000e2a80000, 0x0000000100000000)
  eden space 33280K, 100% used [0x00000000e0000000,0x00000000e2080000,0x00000000e2080000)
  from space 5120K, 0% used [0x00000000e2580000,0x00000000e2580000,0x00000000e2a80000)
  to   space 5120K, 0% used [0x00000000e2080000,0x00000000e2080000,0x00000000e2580000)
 ParOldGen       total 66560K, used 9170K [0x00000000a0000000, 0x00000000a4100000, 0x00000000e0000000)
  object space 66560K, 13% used [0x00000000a0000000,0x00000000a08f4be0,0x00000000a4100000)
 Metaspace       used 23671K, capacity 24092K, committed 24448K, reserved 1071104K
  class space    used 3177K, capacity 3341K, committed 3456K, reserved 1048576K
Event: 6.065 GC heap after
Heap after GC invocations=6 (full 1):
 PSYoungGen      total 38400K, used 3568K [0x00000000e0000000, 0x00000000e4400000, 0x0000000100000000)
  eden space 33280K, 0% used [0x00000000e0000000,0x00000000e0000000,0x00000000e2080000)
  from space 5120K, 69% used [0x00000000e2080000,0x00000000e23fc138,0x00000000e2580000)
  to   space 11264K, 0% used [0x00000000e3900000,0x00000000e3900000,0x00000000e4400000)
 ParOldGen       total 66560K, used 9178K [0x00000000a0000000, 0x00000000a4100000, 0x00000000e0000000)
  object space 66560K, 13% used [0x00000000a0000000,0x00000000a08f6be0,0x00000000a4100000)
 Metaspace       used 23671K, capacity 24092K, committed 24448K, reserved 1071104K
  class space    used 3177K, capacity 3341K, committed 3456K, reserved 1048576K
}
Event: 6.793 GC heap before
{Heap before GC invocations=7 (full 1):
 PSYoungGen      total 38400K, used 36848K [0x00000000e0000000, 0x00000000e4400000, 0x0000000100000000)
  eden space 33280K, 100% used [0x00000000e0000000,0x00000000e2080000,0x00000000e2080000)
  from space 5120K, 69% used [0x00000000e2080000,0x00000000e23fc138,0x00000000e2580000)
  to   space 11264K, 0% used [0x00000000e3900000,0x00000000e3900000,0x00000000e4400000)
 ParOldGen       total 66560K, used 9178K [0x00000000a0000000, 0x00000000a4100000, 0x00000000e0000000)
  object space 66560K, 13% used [0x00000000a0000000,0x00000000a08f6be0,0x00000000a4100000)
 Metaspace       used 26455K, capacity 26992K, committed 27136K, reserved 1073152K
  class space    used 3651K, capacity 3786K, committed 3840K, reserved 1048576K
Event: 6.801 GC heap after
Heap after GC invocations=7 (full 1):
 PSYoungGen      total 57344K, used 6262K [0x00000000e0000000, 0x00000000e4280000, 0x0000000100000000)
  eden space 47616K, 0% used [0x00000000e0000000,0x00000000e0000000,0x00000000e2e80000)
  from space 9728K, 64% used [0x00000000e3900000,0x00000000e3f1d9a0,0x00000000e4280000)
  to   space 10240K, 0% used [0x00000000e2e80000,0x00000000e2e80000,0x00000000e3880000)
 ParOldGen       total 66560K, used 9186K [0x00000000a0000000, 0x00000000a4100000, 0x00000000e0000000)
  object space 66560K, 13% used [0x00000000a0000000,0x00000000a08f8be0,0x00000000a4100000)
 Metaspace       used 26455K, capacity 26992K, committed 27136K, reserved 1073152K
  class space    used 3651K, capacity 3786K, committed 3840K, reserved 1048576K
}
Event: 8.470 GC heap before
{Heap before GC invocations=8 (full 1):
 PSYoungGen      total 57344K, used 53878K [0x00000000e0000000, 0x00000000e4280000, 0x0000000100000000)
  eden space 47616K, 100% used [0x00000000e0000000,0x00000000e2e80000,0x00000000e2e80000)
  from space 9728K, 64% used [0x00000000e3900000,0x00000000e3f1d9a0,0x00000000e4280000)
  to   space 10240K, 0% used [0x00000000e2e80000,0x00000000e2e80000,0x00000000e3880000)
 ParOldGen       total 66560K, used 9186K [0x00000000a0000000, 0x00000000a4100000, 0x00000000e0000000)
  object space 66560K, 13% used [0x00000000a0000000,0x00000000a08f8be0,0x00000000a4100000)
 Metaspace       used 29670K, capacity 30300K, committed 30464K, reserved 1075200K
  class space    used 4061K, capacity 4246K, committed 4352K, reserved 1048576K
Event: 8.479 GC heap after
Heap after GC invocations=8 (full 1):
 PSYoungGen      total 57856K, used 6787K [0x00000000e0000000, 0x00000000e5580000, 0x0000000100000000)
  eden space 47616K, 0% used [0x00000000e0000000,0x00000000e0000000,0x00000000e2e80000)
  from space 10240K, 66% used [0x00000000e2e80000,0x00000000e3520ff8,0x00000000e3880000)
  to   space 10240K, 0% used [0x00000000e4b80000,0x00000000e4b80000,0x00000000e5580000)
 ParOldGen       total 66560K, used 9194K [0x00000000a0000000, 0x00000000a4100000, 0x00000000e0000000)
  object space 66560K, 13% used [0x00000000a0000000,0x00000000a08fabe0,0x00000000a4100000)
 Metaspace       used 29670K, capacity 30300K, committed 30464K, reserved 1075200K
  class space    used 4061K, capacity 4246K, committed 4352K, reserved 1048576K
}

