# JRE version: OpenJDK Runtime Environment (8.0_112-b06) (build 1.8.0_112-release-b06)
# Java VM: OpenJDK 64-Bit Server VM (25.112-b06 mixed mode windows-amd64 compressed oops)
Heap:
 PSYoungGen      total 66560K, used 64269K [0x00000000e0000000, 0x00000000e4f80000, 0x0000000100000000)
  eden space 60928K, 96% used [0x00000000e0000000,0x00000000e3992be0,0x00000000e3b80000)
  from space 5632K, 94% used [0x00000000e3d00000,0x00000000e4230a88,0x00000000e4280000)
  to   space 10240K, 0% used [0x00000000e4580000,0x00000000e4580000,0x00000000e4f80000)
 ParOldGen       total 58368K, used 14408K [0x00000000a0000000, 0x00000000a3900000, 0x00000000e0000000)
  object space 58368K, 24% used [0x00000000a0000000,0x00000000a0e12290,0x00000000a3900000)
 Metaspace       used 42284K, capacity 43024K, committed 43264K, reserved 1087488K
  class space    used 5646K, capacity 5855K, committed 5888K, reserved 1048576K
GC Heap History (10 events):
Event: 108.345 GC heap before
{Heap before GC invocations=13 (full 2):
 PSYoungGen      total 40960K, used 7943K [0x00000000e0000000, 0x00000000e4100000, 0x0000000100000000)
  eden space 30208K, 0% used [0x00000000e0000000,0x00000000e0000000,0x00000000e1d80000)
  from space 10752K, 73% used [0x00000000e1d80000,0x00000000e2541f40,0x00000000e2800000)
  to   space 10752K, 0% used [0x00000000e3680000,0x00000000e3680000,0x00000000e4100000)
 ParOldGen       total 47616K, used 9164K [0x00000000a0000000, 0x00000000a2e80000, 0x00000000e0000000)
  object space 47616K, 19% used [0x00000000a0000000,0x00000000a08f3358,0x00000000a2e80000)
 Metaspace       used 34758K, capacity 35346K, committed 35496K, reserved 1079296K
  class space    used 4643K, capacity 4819K, committed 4864K, reserved 1048576K
Event: 108.472 GC heap after
Heap after GC invocations=13 (full 2):
 PSYoungGen      total 40960K, used 0K [0x00000000e0000000, 0x00000000e4100000, 0x0000000100000000)
  eden space 30208K, 0% used [0x00000000e0000000,0x00000000e0000000,0x00000000e1d80000)
  from space 10752K, 0% used [0x00000000e1d80000,0x00000000e1d80000,0x00000000e2800000)
  to   space 10752K, 0% used [0x00000000e3680000,0x00000000e3680000,0x00000000e4100000)
 ParOldGen       total 58368K, used 14376K [0x00000000a0000000, 0x00000000a3900000, 0x00000000e0000000)
  object space 58368K, 24% used [0x00000000a0000000,0x00000000a0e0a290,0x00000000a3900000)
 Metaspace       used 34758K, capacity 35346K, committed 35496K, reserved 1079296K
  class space    used 4643K, capacity 4819K, committed 4864K, reserved 1048576K
}
Event: 111.372 GC heap before
{Heap before GC invocations=14 (full 2):
 PSYoungGen      total 40960K, used 30208K [0x00000000e0000000, 0x00000000e4100000, 0x0000000100000000)
  eden space 30208K, 100% used [0x00000000e0000000,0x00000000e1d80000,0x00000000e1d80000)
  from space 10752K, 0% used [0x00000000e1d80000,0x00000000e1d80000,0x00000000e2800000)
  to   space 10752K, 0% used [0x00000000e3680000,0x00000000e3680000,0x00000000e4100000)
 ParOldGen       total 58368K, used 14376K [0x00000000a0000000, 0x00000000a3900000, 0x00000000e0000000)
  object space 58368K, 24% used [0x00000000a0000000,0x00000000a0e0a290,0x00000000a3900000)
 Metaspace       used 37023K, capacity 37684K, committed 37888K, reserved 1081344K
  class space    used 4915K, capacity 5098K, committed 5120K, reserved 1048576K
Event: 111.377 GC heap after
Heap after GC invocations=14 (full 2):
 PSYoungGen      total 54784K, used 4544K [0x00000000e0000000, 0x00000000e4080000, 0x0000000100000000)
  eden space 44544K, 0% used [0x00000000e0000000,0x00000000e0000000,0x00000000e2b80000)
  from space 10240K, 44% used [0x00000000e3680000,0x00000000e3af0140,0x00000000e4080000)
  to   space 10752K, 0% used [0x00000000e2b80000,0x00000000e2b80000,0x00000000e3600000)
 ParOldGen       total 58368K, used 14384K [0x00000000a0000000, 0x00000000a3900000, 0x00000000e0000000)
  object space 58368K, 24% used [0x00000000a0000000,0x00000000a0e0c290,0x00000000a3900000)
 Metaspace       used 37023K, capacity 37684K, committed 37888K, reserved 1081344K
  class space    used 4915K, capacity 5098K, committed 5120K, reserved 1048576K
}
Event: 118.034 GC heap before
{Heap before GC invocations=15 (full 2):
 PSYoungGen      total 54784K, used 49088K [0x00000000e0000000, 0x00000000e4080000, 0x0000000100000000)
  eden space 44544K, 100% used [0x00000000e0000000,0x00000000e2b80000,0x00000000e2b80000)
  from space 10240K, 44% used [0x00000000e3680000,0x00000000e3af0140,0x00000000e4080000)
  to   space 10752K, 0% used [0x00000000e2b80000,0x00000000e2b80000,0x00000000e3600000)
 ParOldGen       total 58368K, used 14384K [0x00000000a0000000, 0x00000000a3900000, 0x00000000e0000000)
  object space 58368K, 24% used [0x00000000a0000000,0x00000000a0e0c290,0x00000000a3900000)
 Metaspace       used 38367K, capacity 39086K, committed 39424K, reserved 1083392K
  class space    used 5127K, capacity 5338K, committed 5376K, reserved 1048576K
Event: 118.042 GC heap after
Heap after GC invocations=15 (full 2):
 PSYoungGen      total 55296K, used 6228K [0x00000000e0000000, 0x00000000e5280000, 0x0000000100000000)
  eden space 44544K, 0% used [0x00000000e0000000,0x00000000e0000000,0x00000000e2b80000)
  from space 10752K, 57% used [0x00000000e2b80000,0x00000000e3195280,0x00000000e3600000)
  to   space 10240K, 0% used [0x00000000e4880000,0x00000000e4880000,0x00000000e5280000)
 ParOldGen       total 58368K, used 14392K [0x00000000a0000000, 0x00000000a3900000, 0x00000000e0000000)
  object space 58368K, 24% used [0x00000000a0000000,0x00000000a0e0e290,0x00000000a3900000)
 Metaspace       used 38367K, capacity 39086K, committed 39424K, reserved 1083392K
  class space    used 5127K, capacity 5338K, committed 5376K, reserved 1048576K
}
Event: 136.474 GC heap before
{Heap before GC invocations=16 (full 2):
 PSYoungGen      total 55296K, used 50772K [0x00000000e0000000, 0x00000000e5280000, 0x0000000100000000)
  eden space 44544K, 100% used [0x00000000e0000000,0x00000000e2b80000,0x00000000e2b80000)
  from space 10752K, 57% used [0x00000000e2b80000,0x00000000e3195280,0x00000000e3600000)
  to   space 10240K, 0% used [0x00000000e4880000,0x00000000e4880000,0x00000000e5280000)
 ParOldGen       total 58368K, used 14392K [0x00000000a0000000, 0x00000000a3900000, 0x00000000e0000000)
  object space 58368K, 24% used [0x00000000a0000000,0x00000000a0e0e290,0x00000000a3900000)
 Metaspace       used 38374K, capacity 39086K, committed 39424K, reserved 1083392K
  class space    used 5127K, capacity 5338K, committed 5376K, reserved 1048576K
Event: 136.480 GC heap after
Heap after GC invocations=16 (full 2):
 PSYoungGen      total 71168K, used 5346K [0x00000000e0000000, 0x00000000e5100000, 0x0000000100000000)
  eden space 62464K, 0% used [0x00000000e0000000,0x00000000e0000000,0x00000000e3d00000)
  from space 8704K, 61% used [0x00000000e4880000,0x00000000e4db8a88,0x00000000e5100000)
  to   space 10240K, 0% used [0x00000000e3d00000,0x00000000e3d00000,0x00000000e4700000)
 ParOldGen       total 58368K, used 14400K [0x00000000a0000000, 0x00000000a3900000, 0x00000000e0000000)
  object space 58368K, 24% used [0x00000000a0000000,0x00000000a0e10290,0x00000000a3900000)
 Metaspace       used 38374K, capacity 39086K, committed 39424K, reserved 1083392K
  class space    used 5127K, capacity 5338K, committed 5376K, reserved 1048576K
}
Event: 155.604 GC heap before
{Heap before GC invocations=17 (full 2):
 PSYoungGen      total 71168K, used 67810K [0x00000000e0000000, 0x00000000e5100000, 0x0000000100000000)
  eden space 62464K, 100% used [0x00000000e0000000,0x00000000e3d00000,0x00000000e3d00000)
  from space 8704K, 61% used [0x00000000e4880000,0x00000000e4db8a88,0x00000000e5100000)
  to   space 10240K, 0% used [0x00000000e3d00000,0x00000000e3d00000,0x00000000e4700000)
 ParOldGen       total 58368K, used 14400K [0x00000000a0000000, 0x00000000a3900000, 0x00000000e0000000)
  object space 58368K, 24% used [0x00000000a0000000,0x00000000a0e10290,0x00000000a3900000)
 Metaspace       used 38374K, capacity 39086K, committed 39424K, reserved 1083392K
  class space    used 5127K, capacity 5338K, committed 5376K, reserved 1048576K
Event: 155.615 GC heap after
Heap after GC invocations=17 (full 2):
 PSYoungGen      total 66560K, used 5314K [0x00000000e0000000, 0x00000000e4f80000, 0x0000000100000000)
  eden space 60928K, 0% used [0x00000000e0000000,0x00000000e0000000,0x00000000e3b80000)
  from space 5632K, 94% used [0x00000000e3d00000,0x00000000e4230a88,0x00000000e4280000)
  to   space 10240K, 0% used [0x00000000e4580000,0x00000000e4580000,0x00000000e4f80000)
 ParOldGen       total 58368K, used 14408K [0x00000000a0000000, 0x00000000a3900000, 0x00000000e0000000)
  object space 58368K, 24% used [0x00000000a0000000,0x00000000a0e12290,0x00000000a3900000)
 Metaspace       used 38374K, capacity 39086K, committed 39424K, reserved 1083392K
  class space    used 5127K, capacity 5338K, committed 5376K, reserved 1048576K
}

