# JRE version: OpenJDK Runtime Environment (8.0_112-b06) (build 1.8.0_112-release-b06)
# Java VM: OpenJDK 64-Bit Server VM (25.112-b06 mixed mode windows-amd64 compressed oops)
Heap:
 PSYoungGen      total 80896K, used 60640K [0x00000000e0000000, 0x00000000e6880000, 0x0000000100000000)
  eden space 70144K, 78% used [0x00000000e0000000,0x00000000e35d5710,0x00000000e4480000)
  from space 10752K, 51% used [0x00000000e4480000,0x00000000e49e2938,0x00000000e4f00000)
  to   space 10752K, 0% used [0x00000000e5e00000,0x00000000e5e00000,0x00000000e6880000)
 ParOldGen       total 71168K, used 15812K [0x00000000a0000000, 0x00000000a4580000, 0x00000000e0000000)
  object space 71168K, 22% used [0x00000000a0000000,0x00000000a0f71360,0x00000000a4580000)
 Metaspace       used 38354K, capacity 39010K, committed 39168K, reserved 1083392K
  class space    used 5124K, capacity 5306K, committed 5376K, reserved 1048576K
GC Heap History (10 events):
Event: 21.078 GC heap before
{Heap before GC invocations=9 (full 1):
 PSYoungGen      total 53248K, used 48774K [0x00000000e0000000, 0x00000000e4b00000, 0x0000000100000000)
  eden space 43008K, 100% used [0x00000000e0000000,0x00000000e2a00000,0x00000000e2a00000)
  from space 10240K, 56% used [0x00000000e2a00000,0x00000000e2fa1a50,0x00000000e3400000)
  to   space 9728K, 0% used [0x00000000e4180000,0x00000000e4180000,0x00000000e4b00000)
 ParOldGen       total 71168K, used 8923K [0x00000000a0000000, 0x00000000a4580000, 0x00000000e0000000)
  object space 71168K, 12% used [0x00000000a0000000,0x00000000a08b6d50,0x00000000a4580000)
 Metaspace       used 32148K, capacity 32608K, committed 32896K, reserved 1077248K
  class space    used 4320K, capacity 4476K, committed 4480K, reserved 1048576K
Event: 21.089 GC heap after
Heap after GC invocations=9 (full 1):
 PSYoungGen      total 65024K, used 8502K [0x00000000e0000000, 0x00000000e4a80000, 0x0000000100000000)
  eden space 55808K, 0% used [0x00000000e0000000,0x00000000e0000000,0x00000000e3680000)
  from space 9216K, 92% used [0x00000000e4180000,0x00000000e49cdad8,0x00000000e4a80000)
  to   space 10240K, 0% used [0x00000000e3680000,0x00000000e3680000,0x00000000e4080000)
 ParOldGen       total 71168K, used 8995K [0x00000000a0000000, 0x00000000a4580000, 0x00000000e0000000)
  object space 71168K, 12% used [0x00000000a0000000,0x00000000a08c8d60,0x00000000a4580000)
 Metaspace       used 32148K, capacity 32608K, committed 32896K, reserved 1077248K
  class space    used 4320K, capacity 4476K, committed 4480K, reserved 1048576K
}
Event: 22.234 GC heap before
{Heap before GC invocations=10 (full 1):
 PSYoungGen      total 65024K, used 55895K [0x00000000e0000000, 0x00000000e4a80000, 0x0000000100000000)
  eden space 55808K, 84% used [0x00000000e0000000,0x00000000e2e483c0,0x00000000e3680000)
  from space 9216K, 92% used [0x00000000e4180000,0x00000000e49cdad8,0x00000000e4a80000)
  to   space 10240K, 0% used [0x00000000e3680000,0x00000000e3680000,0x00000000e4080000)
 ParOldGen       total 71168K, used 8995K [0x00000000a0000000, 0x00000000a4580000, 0x00000000e0000000)
  object space 71168K, 12% used [0x00000000a0000000,0x00000000a08c8d60,0x00000000a4580000)
 Metaspace       used 34752K, capacity 35366K, committed 35496K, reserved 1079296K
  class space    used 4638K, capacity 4819K, committed 4864K, reserved 1048576K
Event: 22.248 GC heap after
Heap after GC invocations=10 (full 1):
 PSYoungGen      total 66048K, used 9477K [0x00000000e0000000, 0x00000000e5a00000, 0x0000000100000000)
  eden space 55808K, 0% used [0x00000000e0000000,0x00000000e0000000,0x00000000e3680000)
  from space 10240K, 92% used [0x00000000e3680000,0x00000000e3fc17f8,0x00000000e4080000)
  to   space 11264K, 0% used [0x00000000e4f00000,0x00000000e4f00000,0x00000000e5a00000)
 ParOldGen       total 71168K, used 9003K [0x00000000a0000000, 0x00000000a4580000, 0x00000000e0000000)
  object space 71168K, 12% used [0x00000000a0000000,0x00000000a08cad60,0x00000000a4580000)
 Metaspace       used 34752K, capacity 35366K, committed 35496K, reserved 1079296K
  class space    used 4638K, capacity 4819K, committed 4864K, reserved 1048576K
}
Event: 22.248 GC heap before
{Heap before GC invocations=11 (full 2):
 PSYoungGen      total 66048K, used 9477K [0x00000000e0000000, 0x00000000e5a00000, 0x0000000100000000)
  eden space 55808K, 0% used [0x00000000e0000000,0x00000000e0000000,0x00000000e3680000)
  from space 10240K, 92% used [0x00000000e3680000,0x00000000e3fc17f8,0x00000000e4080000)
  to   space 11264K, 0% used [0x00000000e4f00000,0x00000000e4f00000,0x00000000e5a00000)
 ParOldGen       total 71168K, used 9003K [0x00000000a0000000, 0x00000000a4580000, 0x00000000e0000000)
  object space 71168K, 12% used [0x00000000a0000000,0x00000000a08cad60,0x00000000a4580000)
 Metaspace       used 34752K, capacity 35366K, committed 35496K, reserved 1079296K
  class space    used 4638K, capacity 4819K, committed 4864K, reserved 1048576K
Event: 22.359 GC heap after
Heap after GC invocations=11 (full 2):
 PSYoungGen      total 66048K, used 0K [0x00000000e0000000, 0x00000000e5a00000, 0x0000000100000000)
  eden space 55808K, 0% used [0x00000000e0000000,0x00000000e0000000,0x00000000e3680000)
  from space 10240K, 0% used [0x00000000e3680000,0x00000000e3680000,0x00000000e4080000)
  to   space 11264K, 0% used [0x00000000e4f00000,0x00000000e4f00000,0x00000000e5a00000)
 ParOldGen       total 71168K, used 15796K [0x00000000a0000000, 0x00000000a4580000, 0x00000000e0000000)
  object space 71168K, 22% used [0x00000000a0000000,0x00000000a0f6d360,0x00000000a4580000)
 Metaspace       used 34752K, capacity 35366K, committed 35496K, reserved 1079296K
  class space    used 4638K, capacity 4819K, committed 4864K, reserved 1048576K
}
Event: 23.902 GC heap before
{Heap before GC invocations=12 (full 2):
 PSYoungGen      total 66048K, used 55808K [0x00000000e0000000, 0x00000000e5a00000, 0x0000000100000000)
  eden space 55808K, 100% used [0x00000000e0000000,0x00000000e3680000,0x00000000e3680000)
  from space 10240K, 0% used [0x00000000e3680000,0x00000000e3680000,0x00000000e4080000)
  to   space 11264K, 0% used [0x00000000e4f00000,0x00000000e4f00000,0x00000000e5a00000)
 ParOldGen       total 71168K, used 15796K [0x00000000a0000000, 0x00000000a4580000, 0x00000000e0000000)
  object space 71168K, 22% used [0x00000000a0000000,0x00000000a0f6d360,0x00000000a4580000)
 Metaspace       used 37788K, capacity 38456K, committed 38784K, reserved 1083392K
  class space    used 5049K, capacity 5237K, committed 5248K, reserved 1048576K
Event: 23.918 GC heap after
Heap after GC invocations=12 (full 2):
 PSYoungGen      total 80896K, used 7170K [0x00000000e0000000, 0x00000000e5980000, 0x0000000100000000)
  eden space 70144K, 0% used [0x00000000e0000000,0x00000000e0000000,0x00000000e4480000)
  from space 10752K, 66% used [0x00000000e4f00000,0x00000000e5600ae8,0x00000000e5980000)
  to   space 10752K, 0% used [0x00000000e4480000,0x00000000e4480000,0x00000000e4f00000)
 ParOldGen       total 71168K, used 15804K [0x00000000a0000000, 0x00000000a4580000, 0x00000000e0000000)
  object space 71168K, 22% used [0x00000000a0000000,0x00000000a0f6f360,0x00000000a4580000)
 Metaspace       used 37788K, capacity 38456K, committed 38784K, reserved 1083392K
  class space    used 5049K, capacity 5237K, committed 5248K, reserved 1048576K
}
Event: 45.184 GC heap before
{Heap before GC invocations=13 (full 2):
 PSYoungGen      total 80896K, used 77314K [0x00000000e0000000, 0x00000000e5980000, 0x0000000100000000)
  eden space 70144K, 100% used [0x00000000e0000000,0x00000000e4480000,0x00000000e4480000)
  from space 10752K, 66% used [0x00000000e4f00000,0x00000000e5600ae8,0x00000000e5980000)
  to   space 10752K, 0% used [0x00000000e4480000,0x00000000e4480000,0x00000000e4f00000)
 ParOldGen       total 71168K, used 15804K [0x00000000a0000000, 0x00000000a4580000, 0x00000000e0000000)
  object space 71168K, 22% used [0x00000000a0000000,0x00000000a0f6f360,0x00000000a4580000)
 Metaspace       used 38354K, capacity 39010K, committed 39168K, reserved 1083392K
  class space    used 5124K, capacity 5306K, committed 5376K, reserved 1048576K
Event: 45.192 GC heap after
Heap after GC invocations=13 (full 2):
 PSYoungGen      total 80896K, used 5514K [0x00000000e0000000, 0x00000000e6880000, 0x0000000100000000)
  eden space 70144K, 0% used [0x00000000e0000000,0x00000000e0000000,0x00000000e4480000)
  from space 10752K, 51% used [0x00000000e4480000,0x00000000e49e2938,0x00000000e4f00000)
  to   space 10752K, 0% used [0x00000000e5e00000,0x00000000e5e00000,0x00000000e6880000)
 ParOldGen       total 71168K, used 15812K [0x00000000a0000000, 0x00000000a4580000, 0x00000000e0000000)
  object space 71168K, 22% used [0x00000000a0000000,0x00000000a0f71360,0x00000000a4580000)
 Metaspace       used 38354K, capacity 39010K, committed 39168K, reserved 1083392K
  class space    used 5124K, capacity 5306K, committed 5376K, reserved 1048576K
}

