# JRE version: OpenJDK Runtime Environment (8.0_112-b06) (build 1.8.0_112-release-b06)
# Java VM: OpenJDK 64-Bit Server VM (25.112-b06 mixed mode windows-amd64 compressed oops)
Heap:
 PSYoungGen      total 73728K, used 17930K [0x00000000e0000000, 0x00000000e5580000, 0x0000000100000000)
  eden space 62464K, 21% used [0x00000000e0000000,0x00000000e0d0afb0,0x00000000e3d00000)
  from space 11264K, 40% used [0x00000000e4800000,0x00000000e4c77850,0x00000000e5300000)
  to   space 11264K, 0% used [0x00000000e3d00000,0x00000000e3d00000,0x00000000e4800000)
 ParOldGen       total 70144K, used 15802K [0x00000000a0000000, 0x00000000a4480000, 0x00000000e0000000)
  object space 70144K, 22% used [0x00000000a0000000,0x00000000a0f6e9f0,0x00000000a4480000)
 Metaspace       used 39259K, capacity 40012K, committed 40320K, reserved 1083392K
  class space    used 5194K, capacity 5385K, committed 5504K, reserved 1048576K
GC Heap History (10 events):
Event: 9.229 GC heap before
{Heap before GC invocations=8 (full 1):
 PSYoungGen      total 51712K, used 49307K [0x00000000e0000000, 0x00000000e3e00000, 0x0000000100000000)
  eden space 43008K, 100% used [0x00000000e0000000,0x00000000e2a00000,0x00000000e2a00000)
  from space 8704K, 72% used [0x00000000e3580000,0x00000000e3ba6e58,0x00000000e3e00000)
  to   space 10240K, 0% used [0x00000000e2a00000,0x00000000e2a00000,0x00000000e3400000)
 ParOldGen       total 70144K, used 9178K [0x00000000a0000000, 0x00000000a4480000, 0x00000000e0000000)
  object space 70144K, 13% used [0x00000000a0000000,0x00000000a08f69e0,0x00000000a4480000)
 Metaspace       used 29591K, capacity 30140K, committed 30336K, reserved 1075200K
  class space    used 4055K, capacity 4214K, committed 4224K, reserved 1048576K
Event: 9.238 GC heap after
Heap after GC invocations=8 (full 1):
 PSYoungGen      total 53248K, used 6783K [0x00000000e0000000, 0x00000000e4980000, 0x0000000100000000)
  eden space 43008K, 0% used [0x00000000e0000000,0x00000000e0000000,0x00000000e2a00000)
  from space 10240K, 66% used [0x00000000e2a00000,0x00000000e309fff8,0x00000000e3400000)
  to   space 10240K, 0% used [0x00000000e3f80000,0x00000000e3f80000,0x00000000e4980000)
 ParOldGen       total 70144K, used 9186K [0x00000000a0000000, 0x00000000a4480000, 0x00000000e0000000)
  object space 70144K, 13% used [0x00000000a0000000,0x00000000a08f89e0,0x00000000a4480000)
 Metaspace       used 29591K, capacity 30140K, committed 30336K, reserved 1075200K
  class space    used 4055K, capacity 4214K, committed 4224K, reserved 1048576K
}
Event: 13.226 GC heap before
{Heap before GC invocations=9 (full 1):
 PSYoungGen      total 53248K, used 49791K [0x00000000e0000000, 0x00000000e4980000, 0x0000000100000000)
  eden space 43008K, 100% used [0x00000000e0000000,0x00000000e2a00000,0x00000000e2a00000)
  from space 10240K, 66% used [0x00000000e2a00000,0x00000000e309fff8,0x00000000e3400000)
  to   space 10240K, 0% used [0x00000000e3f80000,0x00000000e3f80000,0x00000000e4980000)
 ParOldGen       total 70144K, used 9186K [0x00000000a0000000, 0x00000000a4480000, 0x00000000e0000000)
  object space 70144K, 13% used [0x00000000a0000000,0x00000000a08f89e0,0x00000000a4480000)
 Metaspace       used 32058K, capacity 32638K, committed 32768K, reserved 1077248K
  class space    used 4341K, capacity 4510K, committed 4608K, reserved 1048576K
Event: 13.235 GC heap after
Heap after GC invocations=9 (full 1):
 PSYoungGen      total 62976K, used 8688K [0x00000000e0000000, 0x00000000e4900000, 0x0000000100000000)
  eden space 53248K, 0% used [0x00000000e0000000,0x00000000e0000000,0x00000000e3400000)
  from space 9728K, 89% used [0x00000000e3f80000,0x00000000e47fc3c8,0x00000000e4900000)
  to   space 10752K, 0% used [0x00000000e3400000,0x00000000e3400000,0x00000000e3e80000)
 ParOldGen       total 70144K, used 9258K [0x00000000a0000000, 0x00000000a4480000, 0x00000000e0000000)
  object space 70144K, 13% used [0x00000000a0000000,0x00000000a090a9f0,0x00000000a4480000)
 Metaspace       used 32058K, capacity 32638K, committed 32768K, reserved 1077248K
  class space    used 4341K, capacity 4510K, committed 4608K, reserved 1048576K
}
Event: 13.854 GC heap before
{Heap before GC invocations=10 (full 1):
 PSYoungGen      total 62976K, used 22805K [0x00000000e0000000, 0x00000000e4900000, 0x0000000100000000)
  eden space 53248K, 26% used [0x00000000e0000000,0x00000000e0dc9378,0x00000000e3400000)
  from space 9728K, 89% used [0x00000000e3f80000,0x00000000e47fc3c8,0x00000000e4900000)
  to   space 10752K, 0% used [0x00000000e3400000,0x00000000e3400000,0x00000000e3e80000)
 ParOldGen       total 70144K, used 9258K [0x00000000a0000000, 0x00000000a4480000, 0x00000000e0000000)
  object space 70144K, 13% used [0x00000000a0000000,0x00000000a090a9f0,0x00000000a4480000)
 Metaspace       used 34612K, capacity 35322K, committed 35416K, reserved 1079296K
  class space    used 4618K, capacity 4812K, committed 4864K, reserved 1048576K
Event: 13.863 GC heap after
Heap after GC invocations=10 (full 1):
 PSYoungGen      total 64000K, used 9431K [0x00000000e0000000, 0x00000000e5300000, 0x0000000100000000)
  eden space 53248K, 0% used [0x00000000e0000000,0x00000000e0000000,0x00000000e3400000)
  from space 10752K, 87% used [0x00000000e3400000,0x00000000e3d35e68,0x00000000e3e80000)
  to   space 11264K, 0% used [0x00000000e4800000,0x00000000e4800000,0x00000000e5300000)
 ParOldGen       total 70144K, used 9266K [0x00000000a0000000, 0x00000000a4480000, 0x00000000e0000000)
  object space 70144K, 13% used [0x00000000a0000000,0x00000000a090c9f0,0x00000000a4480000)
 Metaspace       used 34612K, capacity 35322K, committed 35416K, reserved 1079296K
  class space    used 4618K, capacity 4812K, committed 4864K, reserved 1048576K
}
Event: 13.863 GC heap before
{Heap before GC invocations=11 (full 2):
 PSYoungGen      total 64000K, used 9431K [0x00000000e0000000, 0x00000000e5300000, 0x0000000100000000)
  eden space 53248K, 0% used [0x00000000e0000000,0x00000000e0000000,0x00000000e3400000)
  from space 10752K, 87% used [0x00000000e3400000,0x00000000e3d35e68,0x00000000e3e80000)
  to   space 11264K, 0% used [0x00000000e4800000,0x00000000e4800000,0x00000000e5300000)
 ParOldGen       total 70144K, used 9266K [0x00000000a0000000, 0x00000000a4480000, 0x00000000e0000000)
  object space 70144K, 13% used [0x00000000a0000000,0x00000000a090c9f0,0x00000000a4480000)
 Metaspace       used 34612K, capacity 35322K, committed 35416K, reserved 1079296K
  class space    used 4618K, capacity 4812K, committed 4864K, reserved 1048576K
Event: 13.953 GC heap after
Heap after GC invocations=11 (full 2):
 PSYoungGen      total 64000K, used 0K [0x00000000e0000000, 0x00000000e5300000, 0x0000000100000000)
  eden space 53248K, 0% used [0x00000000e0000000,0x00000000e0000000,0x00000000e3400000)
  from space 10752K, 0% used [0x00000000e3400000,0x00000000e3400000,0x00000000e3e80000)
  to   space 11264K, 0% used [0x00000000e4800000,0x00000000e4800000,0x00000000e5300000)
 ParOldGen       total 70144K, used 15794K [0x00000000a0000000, 0x00000000a4480000, 0x00000000e0000000)
  object space 70144K, 22% used [0x00000000a0000000,0x00000000a0f6c9f0,0x00000000a4480000)
 Metaspace       used 34586K, capacity 35234K, committed 35416K, reserved 1079296K
  class space    used 4610K, capacity 4804K, committed 4864K, reserved 1048576K
}
Event: 14.756 GC heap before
{Heap before GC invocations=12 (full 2):
 PSYoungGen      total 64000K, used 53248K [0x00000000e0000000, 0x00000000e5300000, 0x0000000100000000)
  eden space 53248K, 100% used [0x00000000e0000000,0x00000000e3400000,0x00000000e3400000)
  from space 10752K, 0% used [0x00000000e3400000,0x00000000e3400000,0x00000000e3e80000)
  to   space 11264K, 0% used [0x00000000e4800000,0x00000000e4800000,0x00000000e5300000)
 ParOldGen       total 70144K, used 15794K [0x00000000a0000000, 0x00000000a4480000, 0x00000000e0000000)
  object space 70144K, 22% used [0x00000000a0000000,0x00000000a0f6c9f0,0x00000000a4480000)
 Metaspace       used 37987K, capacity 38666K, committed 38784K, reserved 1083392K
  class space    used 5040K, capacity 5244K, committed 5248K, reserved 1048576K
Event: 14.764 GC heap after
Heap after GC invocations=12 (full 2):
 PSYoungGen      total 73728K, used 4574K [0x00000000e0000000, 0x00000000e5580000, 0x0000000100000000)
  eden space 62464K, 0% used [0x00000000e0000000,0x00000000e0000000,0x00000000e3d00000)
  from space 11264K, 40% used [0x00000000e4800000,0x00000000e4c77850,0x00000000e5300000)
  to   space 11264K, 0% used [0x00000000e3d00000,0x00000000e3d00000,0x00000000e4800000)
 ParOldGen       total 70144K, used 15802K [0x00000000a0000000, 0x00000000a4480000, 0x00000000e0000000)
  object space 70144K, 22% used [0x00000000a0000000,0x00000000a0f6e9f0,0x00000000a4480000)
 Metaspace       used 37987K, capacity 38666K, committed 38784K, reserved 1083392K
  class space    used 5040K, capacity 5244K, committed 5248K, reserved 1048576K
}

