# JRE version: OpenJDK Runtime Environment (8.0_112-b06) (build 1.8.0_112-release-b06)
# Java VM: OpenJDK 64-Bit Server VM (25.112-b06 mixed mode windows-amd64 compressed oops)
Heap:
 PSYoungGen      total 68608K, used 23197K [0x00000000e0000000, 0x00000000e5080000, 0x0000000100000000)
  eden space 55296K, 41% used [0x00000000e0000000,0x00000000e16a7650,0x00000000e3600000)
  from space 13312K, 0% used [0x00000000e3600000,0x00000000e3600000,0x00000000e4300000)
  to   space 11776K, 0% used [0x00000000e4300000,0x00000000e4300000,0x00000000e4e80000)
 ParOldGen       total 54784K, used 25457K [0x00000000a0000000, 0x00000000a3580000, 0x00000000e0000000)
  object space 54784K, 46% used [0x00000000a0000000,0x00000000a18dc6b8,0x00000000a3580000)
 Metaspace       used 51887K, capacity 53280K, committed 53376K, reserved 1097728K
  class space    used 6876K, capacity 7200K, committed 7296K, reserved 1048576K
GC Heap History (10 events):
Event: 90.115 GC heap before
{Heap before GC invocations=22 (full 2):
 PSYoungGen      total 47104K, used 43921K [0x00000000e0000000, 0x00000000e4100000, 0x0000000100000000)
  eden space 35840K, 100% used [0x00000000e0000000,0x00000000e2300000,0x00000000e2300000)
  from space 11264K, 71% used [0x00000000e2300000,0x00000000e2ae46c8,0x00000000e2e00000)
  to   space 11264K, 0% used [0x00000000e3600000,0x00000000e3600000,0x00000000e4100000)
 ParOldGen       total 54784K, used 17357K [0x00000000a0000000, 0x00000000a3580000, 0x00000000e0000000)
  object space 54784K, 31% used [0x00000000a0000000,0x00000000a10f34e0,0x00000000a3580000)
 Metaspace       used 45753K, capacity 46712K, committed 46848K, reserved 1089536K
  class space    used 6060K, capacity 6318K, committed 6400K, reserved 1048576K
Event: 90.124 GC heap after
Heap after GC invocations=22 (full 2):
 PSYoungGen      total 55296K, used 8049K [0x00000000e0000000, 0x00000000e4180000, 0x0000000100000000)
  eden space 44032K, 0% used [0x00000000e0000000,0x00000000e0000000,0x00000000e2b00000)
  from space 11264K, 71% used [0x00000000e3600000,0x00000000e3ddc6c8,0x00000000e4100000)
  to   space 11264K, 0% used [0x00000000e2b00000,0x00000000e2b00000,0x00000000e3600000)
 ParOldGen       total 54784K, used 17357K [0x00000000a0000000, 0x00000000a3580000, 0x00000000e0000000)
  object space 54784K, 31% used [0x00000000a0000000,0x00000000a10f34e0,0x00000000a3580000)
 Metaspace       used 45753K, capacity 46712K, committed 46848K, reserved 1089536K
  class space    used 6060K, capacity 6318K, committed 6400K, reserved 1048576K
}
Event: 90.449 GC heap before
{Heap before GC invocations=23 (full 2):
 PSYoungGen      total 55296K, used 52081K [0x00000000e0000000, 0x00000000e4180000, 0x0000000100000000)
  eden space 44032K, 100% used [0x00000000e0000000,0x00000000e2b00000,0x00000000e2b00000)
  from space 11264K, 71% used [0x00000000e3600000,0x00000000e3ddc6c8,0x00000000e4100000)
  to   space 11264K, 0% used [0x00000000e2b00000,0x00000000e2b00000,0x00000000e3600000)
 ParOldGen       total 54784K, used 17357K [0x00000000a0000000, 0x00000000a3580000, 0x00000000e0000000)
  object space 54784K, 31% used [0x00000000a0000000,0x00000000a10f34e0,0x00000000a3580000)
 Metaspace       used 45918K, capacity 46846K, committed 47104K, reserved 1089536K
  class space    used 6061K, capacity 6319K, committed 6400K, reserved 1048576K
Event: 90.459 GC heap after
Heap after GC invocations=23 (full 2):
 PSYoungGen      total 55296K, used 9822K [0x00000000e0000000, 0x00000000e4e80000, 0x0000000100000000)
  eden space 44032K, 0% used [0x00000000e0000000,0x00000000e0000000,0x00000000e2b00000)
  from space 11264K, 87% used [0x00000000e2b00000,0x00000000e3497858,0x00000000e3600000)
  to   space 11776K, 0% used [0x00000000e4300000,0x00000000e4300000,0x00000000e4e80000)
 ParOldGen       total 54784K, used 17365K [0x00000000a0000000, 0x00000000a3580000, 0x00000000e0000000)
  object space 54784K, 31% used [0x00000000a0000000,0x00000000a10f54e0,0x00000000a3580000)
 Metaspace       used 45918K, capacity 46846K, committed 47104K, reserved 1089536K
  class space    used 6061K, capacity 6319K, committed 6400K, reserved 1048576K
}
Event: 96.467 GC heap before
{Heap before GC invocations=24 (full 2):
 PSYoungGen      total 55296K, used 53854K [0x00000000e0000000, 0x00000000e4e80000, 0x0000000100000000)
  eden space 44032K, 100% used [0x00000000e0000000,0x00000000e2b00000,0x00000000e2b00000)
  from space 11264K, 87% used [0x00000000e2b00000,0x00000000e3497858,0x00000000e3600000)
  to   space 11776K, 0% used [0x00000000e4300000,0x00000000e4300000,0x00000000e4e80000)
 ParOldGen       total 54784K, used 17365K [0x00000000a0000000, 0x00000000a3580000, 0x00000000e0000000)
  object space 54784K, 31% used [0x00000000a0000000,0x00000000a10f54e0,0x00000000a3580000)
 Metaspace       used 50471K, capacity 51604K, committed 51840K, reserved 1093632K
  class space    used 6654K, capacity 6926K, committed 7040K, reserved 1048576K
Event: 96.494 GC heap after
Heap after GC invocations=24 (full 2):
 PSYoungGen      total 67072K, used 11758K [0x00000000e0000000, 0x00000000e5080000, 0x0000000100000000)
  eden space 55296K, 0% used [0x00000000e0000000,0x00000000e0000000,0x00000000e3600000)
  from space 11776K, 99% used [0x00000000e4300000,0x00000000e4e7bbb8,0x00000000e4e80000)
  to   space 13312K, 0% used [0x00000000e3600000,0x00000000e3600000,0x00000000e4300000)
 ParOldGen       total 54784K, used 19235K [0x00000000a0000000, 0x00000000a3580000, 0x00000000e0000000)
  object space 54784K, 35% used [0x00000000a0000000,0x00000000a12c8ee8,0x00000000a3580000)
 Metaspace       used 50471K, capacity 51604K, committed 51840K, reserved 1093632K
  class space    used 6654K, capacity 6926K, committed 7040K, reserved 1048576K
}
Event: 99.226 GC heap before
{Heap before GC invocations=25 (full 2):
 PSYoungGen      total 67072K, used 21791K [0x00000000e0000000, 0x00000000e5080000, 0x0000000100000000)
  eden space 55296K, 18% used [0x00000000e0000000,0x00000000e09cc3c8,0x00000000e3600000)
  from space 11776K, 99% used [0x00000000e4300000,0x00000000e4e7bbb8,0x00000000e4e80000)
  to   space 13312K, 0% used [0x00000000e3600000,0x00000000e3600000,0x00000000e4300000)
 ParOldGen       total 54784K, used 19235K [0x00000000a0000000, 0x00000000a3580000, 0x00000000e0000000)
  object space 54784K, 35% used [0x00000000a0000000,0x00000000a12c8ee8,0x00000000a3580000)
 Metaspace       used 51053K, capacity 52262K, committed 52352K, reserved 1099776K
  class space    used 6736K, capacity 7037K, committed 7040K, reserved 1048576K
Event: 99.240 GC heap after
Heap after GC invocations=25 (full 2):
 PSYoungGen      total 68608K, used 4586K [0x00000000e0000000, 0x00000000e5080000, 0x0000000100000000)
  eden space 55296K, 0% used [0x00000000e0000000,0x00000000e0000000,0x00000000e3600000)
  from space 13312K, 34% used [0x00000000e3600000,0x00000000e3a7a8b8,0x00000000e4300000)
  to   space 11776K, 0% used [0x00000000e4300000,0x00000000e4300000,0x00000000e4e80000)
 ParOldGen       total 54784K, used 24887K [0x00000000a0000000, 0x00000000a3580000, 0x00000000e0000000)
  object space 54784K, 45% used [0x00000000a0000000,0x00000000a184dc98,0x00000000a3580000)
 Metaspace       used 51053K, capacity 52262K, committed 52352K, reserved 1099776K
  class space    used 6736K, capacity 7037K, committed 7040K, reserved 1048576K
}
Event: 99.240 GC heap before
{Heap before GC invocations=26 (full 3):
 PSYoungGen      total 68608K, used 4586K [0x00000000e0000000, 0x00000000e5080000, 0x0000000100000000)
  eden space 55296K, 0% used [0x00000000e0000000,0x00000000e0000000,0x00000000e3600000)
  from space 13312K, 34% used [0x00000000e3600000,0x00000000e3a7a8b8,0x00000000e4300000)
  to   space 11776K, 0% used [0x00000000e4300000,0x00000000e4300000,0x00000000e4e80000)
 ParOldGen       total 54784K, used 24887K [0x00000000a0000000, 0x00000000a3580000, 0x00000000e0000000)
  object space 54784K, 45% used [0x00000000a0000000,0x00000000a184dc98,0x00000000a3580000)
 Metaspace       used 51053K, capacity 52262K, committed 52352K, reserved 1099776K
  class space    used 6736K, capacity 7037K, committed 7040K, reserved 1048576K
Event: 99.700 GC heap after
Heap after GC invocations=26 (full 3):
 PSYoungGen      total 68608K, used 0K [0x00000000e0000000, 0x00000000e5080000, 0x0000000100000000)
  eden space 55296K, 0% used [0x00000000e0000000,0x00000000e0000000,0x00000000e3600000)
  from space 13312K, 0% used [0x00000000e3600000,0x00000000e3600000,0x00000000e4300000)
  to   space 11776K, 0% used [0x00000000e4300000,0x00000000e4300000,0x00000000e4e80000)
 ParOldGen       total 54784K, used 25457K [0x00000000a0000000, 0x00000000a3580000, 0x00000000e0000000)
  object space 54784K, 46% used [0x00000000a0000000,0x00000000a18dc6b8,0x00000000a3580000)
 Metaspace       used 51053K, capacity 52262K, committed 52352K, reserved 1097728K
  class space    used 6736K, capacity 7037K, committed 7040K, reserved 1048576K
}

